<?xml version="1.0" encoding="UTF-8"?>
<!-- Generated by org.testng.reporters.JUnitReportReporter -->
<testsuite skipped="0" hostname="DESKTOP-IVOHGAO" name="net.meritagehomes.uat.SearchTestNew" tests="2" failures="0" timestamp="08 May 2018 16:45:01 GMT" time="26.359" errors="0">
  <testcase name="getTitle_ValidValue1" time="13.352" classname="net.meritagehomes.uat.SearchTestNew"/>
  <testcase name="getTitle_ValidValue2" time="13.007" classname="net.meritagehomes.uat.SearchTestNew"/>
</testsuite> <!-- net.meritagehomes.uat.SearchTestNew -->
