<?xml version="1.0" encoding="UTF-8"?>
<!-- Generated by org.testng.reporters.JUnitReportReporter -->
<testsuite skipped="0" hostname="DESKTOP-IVOHGAO" name="net.meritagehomes.uat.SearchTest" tests="2" failures="0" timestamp="08 May 2018 16:45:01 GMT" time="30.541" errors="0">
  <testcase name="getTitle_ValidValue1" time="14.081" classname="net.meritagehomes.uat.SearchTest"/>
  <testcase name="getTitle_ValidValue2" time="16.460" classname="net.meritagehomes.uat.SearchTest"/>
</testsuite> <!-- net.meritagehomes.uat.SearchTest -->
